2026-01-31 12:51:23 +05:30: 2026-01-31 12:51:24 +05:30: 2026-01-31 12:51:24 +05:30: 2026-01-31 12:51:24 +05:30: 2026-01-31 12:51:25 +05:30: 2026-01-31 12:51:25 +05:30: 2026-01-31 12:51:25 +05:30: 2026-01-31 12:51:26 +05:30: 2026-01-31 12:51:26 +05:30: 2026-01-31 12:51:26 +05:30: 2026-01-31 12:51:27 +05:30: 2026-01-31 12:51:27 +05:30: 2026-01-31 12:51:27 +05:30: 2026-01-31 12:51:28 +05:30: 2026-01-31 12:51:28 +05:30: 2026-01-31 12:51:28 +05:30: 2026-01-31 12:51:29 +05:30: 2026-01-31 13:28:49 +05:30: 2026-01-31 13:34:50 +05:30: 2026-01-31 13:40:35 +05:30: 2026-01-31 13:41:40 +05:30: 2026-01-31 13:49:23 +05:30: 2026-02-02 14:22:22 +05:30: 2026-02-02 15:00:01 +05:30: 2026-02-02 15:00:24 +05:30: 2026-02-02 15:25:53 +05:30: 2026-02-02 15:29:46 +05:30: 2026-02-02 18:58:52 +05:30: 2026-02-02 19:04:02 +05:30: 2026-02-02 19:07:40 +05:30: 2026-02-02 23:55:18 +05:30: 2026-02-03 11:10:57 +05:30: 2026-02-03 13:31:10 +05:30: 2026-02-03 13:45:14 +05:30: 2026-02-09 10:42:36 +05:30: 2026-02-11 23:44:42 +05:30: 2026-02-11 23:44:50 +05:30: 2026-02-12 12:35:34 +05:30: 2026-02-12 14:28:28 +05:30: 2026-02-12 14:38:18 +05:30: 2026-02-12 14:48:52 +05:30: 2026-02-12 14:51:07 +05:30: 2026-02-12 14:57:17 +05:30: 2026-02-12 17:32:36 +05:30: 2026-02-16 09:27:16 +05:30: 2026-02-16 09:44:38 +05:30: 2026-02-16 12:09:04 +05:30: 2026-02-16 12:09:15 +05:30: 2026-02-16 18:13:35 +05:30: 2026-02-16 18:15:04 +05:30: 2026-02-16 18:17:42 +05:30: 2026-02-26 00:20:06 +05:30: 2026-02-26 00:23:24 +05:30: 2026-03-05 23:33:08 +05:30: 2026-04-13 12:14:55 +05:30: 2026-04-13 12:14:55 +05:30: 2026-04-13 12:14:56 +05:30: 2026-04-13 12:14:56 +05:30: 2026-04-13 12:14:57 +05:30: 2026-04-13 12:14:57 +05:30: 2026-04-13 12:14:57 +05:30: 2026-04-13 12:14:58 +05:30: 2026-04-13 12:14:58 +05:30: 2026-04-13 12:14:58 +05:30: 2026-04-13 12:14:59 +05:30: 2026-04-13 12:14:59 +05:30: 2026-04-13 12:15:00 +05:30: 2026-04-13 12:15:00 +05:30: 2026-04-13 12:15:00 +05:30: 2026-04-13 12:15:01 +05:30: 2026-04-13 12:15:01 +05:30: 2026-04-13 18:51:25 +05:30: 2026-04-13 18:51:26 +05:30: 2026-04-13 18:51:26 +05:30: 2026-04-13 18:51:26 +05:30: 2026-04-13 18:51:27 +05:30: 2026-04-13 18:51:27 +05:30: 2026-04-13 18:51:28 +05:30: 2026-04-13 18:51:28 +05:30: 2026-04-13 18:51:28 +05:30: 2026-04-13 18:51:29 +05:30: 2026-04-13 18:51:29 +05:30: 2026-04-13 18:51:29 +05:30: 2026-04-13 18:51:30 +05:30: 2026-04-13 18:51:30 +05:30: 2026-04-13 18:51:31 +05:30: 2026-04-13 18:51:31 +05:30: 2026-04-13 19:06:21 +05:30: 2026-04-13 19:06:22 +05:30: 2026-04-13 19:06:23 +05:30: 2026-04-13 19:06:25 +05:30: 2026-04-13 19:06:26 +05:30: 2026-04-13 19:06:26 +05:30: 2026-04-13 19:06:27 +05:30: 2026-04-13 19:06:28 +05:30: 2026-04-13 19:06:28 +05:30: 2026-04-13 19:06:29 +05:30: 2026-04-13 19:06:30 +05:30: 2026-04-13 19:06:30 +05:30: 2026-04-13 19:06:31 +05:30: 2026-04-13 19:06:32 +05:30: 2026-04-13 19:06:32 +05:30: 2026-04-13 19:06:33 +05:30: 2026-04-13 19:06:33 +05:30: 2026-04-13 19:06:34 +05:30: 2026-04-13 19:06:35 +05:30: 2026-04-13 19:07:30 +05:30: 2026-04-13 19:07:30 +05:30: 2026-04-13 19:07:31 +05:30: 2026-04-13 19:07:32 +05:30: 2026-04-13 19:07:32 +05:30: 2026-04-13 19:07:33 +05:30: 2026-04-13 19:07:34 +05:30: 2026-04-13 19:07:34 +05:30: 2026-04-13 19:07:35 +05:30: 2026-04-13 19:07:35 +05:30: 2026-04-13 19:07:36 +05:30: 2026-04-13 19:07:36 +05:30: 2026-04-13 19:07:37 +05:30: 2026-04-13 19:07:37 +05:30: 2026-04-13 19:07:38 +05:30: 2026-04-13 19:07:38 +05:30: 2026-04-13 19:07:39 +05:30: 2026-04-13 19:08:35 +05:30:  ⚠ Warning: Next.js inferred your workspace root, but it may not be correct.
2026-04-13 19:08:35 +05:30:  We detected multiple lockfiles and selected the directory of /Users/saurabhpatel/package-lock.json as the root directory.
2026-04-13 19:08:35 +05:30:  To silence this warning, set `outputFileTracingRoot` in your Next.js config, or consider removing one of the lockfiles if it's not needed.
2026-04-13 19:08:35 +05:30:    See https://nextjs.org/docs/app/api-reference/config/next-config-js/output#caveats for more information.
2026-04-13 19:08:35 +05:30:  Detected additional lockfiles: 
2026-04-13 19:08:35 +05:30:    * /Users/saurabhpatel/Documents/Arthwise/arthwise_landingpage/package-lock.json
2026-04-13 19:08:35 +05:30: 
2026-04-13 19:08:35 +05:30: [Error: Could not find a production build in the '.next' directory. Try building your app with 'next build' before starting the production server. https://nextjs.org/docs/messages/production-start-no-build-id]
2026-04-13 19:08:35 +05:30:  ⚠ Warning: Next.js inferred your workspace root, but it may not be correct.
2026-04-13 19:08:35 +05:30:  We detected multiple lockfiles and selected the directory of /Users/saurabhpatel/package-lock.json as the root directory.
2026-04-13 19:08:35 +05:30:  To silence this warning, set `outputFileTracingRoot` in your Next.js config, or consider removing one of the lockfiles if it's not needed.
2026-04-13 19:08:35 +05:30:    See https://nextjs.org/docs/app/api-reference/config/next-config-js/output#caveats for more information.
2026-04-13 19:08:35 +05:30:  Detected additional lockfiles: 
2026-04-13 19:08:35 +05:30:    * /Users/saurabhpatel/Documents/Arthwise/arthwise_landingpage/package-lock.json
2026-04-13 19:08:35 +05:30: 
2026-04-13 19:08:35 +05:30: [Error: Could not find a production build in the '.next' directory. Try building your app with 'next build' before starting the production server. https://nextjs.org/docs/messages/production-start-no-build-id]
2026-04-13 19:08:36 +05:30:  ⚠ Warning: Next.js inferred your workspace root, but it may not be correct.
2026-04-13 19:08:36 +05:30:  We detected multiple lockfiles and selected the directory of /Users/saurabhpatel/package-lock.json as the root directory.
2026-04-13 19:08:36 +05:30:  To silence this warning, set `outputFileTracingRoot` in your Next.js config, or consider removing one of the lockfiles if it's not needed.
2026-04-13 19:08:36 +05:30:    See https://nextjs.org/docs/app/api-reference/config/next-config-js/output#caveats for more information.
2026-04-13 19:08:36 +05:30:  Detected additional lockfiles: 
2026-04-13 19:08:36 +05:30:    * /Users/saurabhpatel/Documents/Arthwise/arthwise_landingpage/package-lock.json
2026-04-13 19:08:36 +05:30: 
2026-04-13 19:08:36 +05:30: [Error: Could not find a production build in the '.next' directory. Try building your app with 'next build' before starting the production server. https://nextjs.org/docs/messages/production-start-no-build-id]
2026-04-13 19:08:36 +05:30:  ⚠ Warning: Next.js inferred your workspace root, but it may not be correct.
2026-04-13 19:08:36 +05:30:  We detected multiple lockfiles and selected the directory of /Users/saurabhpatel/package-lock.json as the root directory.
2026-04-13 19:08:36 +05:30:  To silence this warning, set `outputFileTracingRoot` in your Next.js config, or consider removing one of the lockfiles if it's not needed.
2026-04-13 19:08:36 +05:30:    See https://nextjs.org/docs/app/api-reference/config/next-config-js/output#caveats for more information.
2026-04-13 19:08:36 +05:30:  Detected additional lockfiles: 
2026-04-13 19:08:36 +05:30:    * /Users/saurabhpatel/Documents/Arthwise/arthwise_landingpage/package-lock.json
2026-04-13 19:08:36 +05:30: 
2026-04-13 19:08:36 +05:30: [Error: Could not find a production build in the '.next' directory. Try building your app with 'next build' before starting the production server. https://nextjs.org/docs/messages/production-start-no-build-id]
2026-04-13 19:08:36 +05:30:  ⚠ Warning: Next.js inferred your workspace root, but it may not be correct.
2026-04-13 19:08:36 +05:30:  We detected multiple lockfiles and selected the directory of /Users/saurabhpatel/package-lock.json as the root directory.
2026-04-13 19:08:36 +05:30:  To silence this warning, set `outputFileTracingRoot` in your Next.js config, or consider removing one of the lockfiles if it's not needed.
2026-04-13 19:08:36 +05:30:    See https://nextjs.org/docs/app/api-reference/config/next-config-js/output#caveats for more information.
2026-04-13 19:08:36 +05:30:  Detected additional lockfiles: 
2026-04-13 19:08:36 +05:30:    * /Users/saurabhpatel/Documents/Arthwise/arthwise_landingpage/package-lock.json
2026-04-13 19:08:36 +05:30: 
2026-04-13 19:08:36 +05:30: [Error: Could not find a production build in the '.next' directory. Try building your app with 'next build' before starting the production server. https://nextjs.org/docs/messages/production-start-no-build-id]
2026-04-13 19:08:37 +05:30:  ⚠ Warning: Next.js inferred your workspace root, but it may not be correct.
2026-04-13 19:08:37 +05:30:  We detected multiple lockfiles and selected the directory of /Users/saurabhpatel/package-lock.json as the root directory.
2026-04-13 19:08:37 +05:30:  To silence this warning, set `outputFileTracingRoot` in your Next.js config, or consider removing one of the lockfiles if it's not needed.
2026-04-13 19:08:37 +05:30:    See https://nextjs.org/docs/app/api-reference/config/next-config-js/output#caveats for more information.
2026-04-13 19:08:37 +05:30:  Detected additional lockfiles: 
2026-04-13 19:08:37 +05:30:    * /Users/saurabhpatel/Documents/Arthwise/arthwise_landingpage/package-lock.json
2026-04-13 19:08:37 +05:30: 
2026-04-13 19:08:37 +05:30: [Error: Could not find a production build in the '.next' directory. Try building your app with 'next build' before starting the production server. https://nextjs.org/docs/messages/production-start-no-build-id]
2026-04-13 19:08:37 +05:30:  ⚠ Warning: Next.js inferred your workspace root, but it may not be correct.
2026-04-13 19:08:37 +05:30:  We detected multiple lockfiles and selected the directory of /Users/saurabhpatel/package-lock.json as the root directory.
2026-04-13 19:08:37 +05:30:  To silence this warning, set `outputFileTracingRoot` in your Next.js config, or consider removing one of the lockfiles if it's not needed.
2026-04-13 19:08:37 +05:30:    See https://nextjs.org/docs/app/api-reference/config/next-config-js/output#caveats for more information.
2026-04-13 19:08:37 +05:30:  Detected additional lockfiles: 
2026-04-13 19:08:37 +05:30:    * /Users/saurabhpatel/Documents/Arthwise/arthwise_landingpage/package-lock.json
2026-04-13 19:08:37 +05:30: 
2026-04-13 19:08:37 +05:30: [Error: Could not find a production build in the '.next' directory. Try building your app with 'next build' before starting the production server. https://nextjs.org/docs/messages/production-start-no-build-id]
2026-04-13 19:08:38 +05:30:  ⚠ Warning: Next.js inferred your workspace root, but it may not be correct.
2026-04-13 19:08:38 +05:30:  We detected multiple lockfiles and selected the directory of /Users/saurabhpatel/package-lock.json as the root directory.
2026-04-13 19:08:38 +05:30:  To silence this warning, set `outputFileTracingRoot` in your Next.js config, or consider removing one of the lockfiles if it's not needed.
2026-04-13 19:08:38 +05:30:    See https://nextjs.org/docs/app/api-reference/config/next-config-js/output#caveats for more information.
2026-04-13 19:08:38 +05:30:  Detected additional lockfiles: 
2026-04-13 19:08:38 +05:30:    * /Users/saurabhpatel/Documents/Arthwise/arthwise_landingpage/package-lock.json
2026-04-13 19:08:38 +05:30: 
2026-04-13 19:08:38 +05:30: [Error: Could not find a production build in the '.next' directory. Try building your app with 'next build' before starting the production server. https://nextjs.org/docs/messages/production-start-no-build-id]
2026-04-13 19:08:38 +05:30:  ⚠ Warning: Next.js inferred your workspace root, but it may not be correct.
2026-04-13 19:08:38 +05:30:  We detected multiple lockfiles and selected the directory of /Users/saurabhpatel/package-lock.json as the root directory.
2026-04-13 19:08:38 +05:30:  To silence this warning, set `outputFileTracingRoot` in your Next.js config, or consider removing one of the lockfiles if it's not needed.
2026-04-13 19:08:38 +05:30:    See https://nextjs.org/docs/app/api-reference/config/next-config-js/output#caveats for more information.
2026-04-13 19:08:38 +05:30:  Detected additional lockfiles: 
2026-04-13 19:08:38 +05:30:    * /Users/saurabhpatel/Documents/Arthwise/arthwise_landingpage/package-lock.json
2026-04-13 19:08:38 +05:30: 
2026-04-13 19:08:38 +05:30: [Error: Could not find a production build in the '.next' directory. Try building your app with 'next build' before starting the production server. https://nextjs.org/docs/messages/production-start-no-build-id]
2026-04-13 19:08:38 +05:30:  ⚠ Warning: Next.js inferred your workspace root, but it may not be correct.
2026-04-13 19:08:38 +05:30:  We detected multiple lockfiles and selected the directory of /Users/saurabhpatel/package-lock.json as the root directory.
2026-04-13 19:08:38 +05:30:  To silence this warning, set `outputFileTracingRoot` in your Next.js config, or consider removing one of the lockfiles if it's not needed.
2026-04-13 19:08:38 +05:30:    See https://nextjs.org/docs/app/api-reference/config/next-config-js/output#caveats for more information.
2026-04-13 19:08:38 +05:30:  Detected additional lockfiles: 
2026-04-13 19:08:38 +05:30:    * /Users/saurabhpatel/Documents/Arthwise/arthwise_landingpage/package-lock.json
2026-04-13 19:08:38 +05:30: 
2026-04-13 19:08:38 +05:30: [Error: Could not find a production build in the '.next' directory. Try building your app with 'next build' before starting the production server. https://nextjs.org/docs/messages/production-start-no-build-id]
2026-04-13 19:08:39 +05:30:  ⚠ Warning: Next.js inferred your workspace root, but it may not be correct.
2026-04-13 19:08:39 +05:30:  We detected multiple lockfiles and selected the directory of /Users/saurabhpatel/package-lock.json as the root directory.
2026-04-13 19:08:39 +05:30:  To silence this warning, set `outputFileTracingRoot` in your Next.js config, or consider removing one of the lockfiles if it's not needed.
2026-04-13 19:08:39 +05:30:    See https://nextjs.org/docs/app/api-reference/config/next-config-js/output#caveats for more information.
2026-04-13 19:08:39 +05:30:  Detected additional lockfiles: 
2026-04-13 19:08:39 +05:30:    * /Users/saurabhpatel/Documents/Arthwise/arthwise_landingpage/package-lock.json
2026-04-13 19:08:39 +05:30: 
2026-04-13 19:08:39 +05:30: [Error: Could not find a production build in the '.next' directory. Try building your app with 'next build' before starting the production server. https://nextjs.org/docs/messages/production-start-no-build-id]
2026-04-13 19:08:39 +05:30:  ⚠ Warning: Next.js inferred your workspace root, but it may not be correct.
2026-04-13 19:08:39 +05:30:  We detected multiple lockfiles and selected the directory of /Users/saurabhpatel/package-lock.json as the root directory.
2026-04-13 19:08:39 +05:30:  To silence this warning, set `outputFileTracingRoot` in your Next.js config, or consider removing one of the lockfiles if it's not needed.
2026-04-13 19:08:39 +05:30:    See https://nextjs.org/docs/app/api-reference/config/next-config-js/output#caveats for more information.
2026-04-13 19:08:39 +05:30:  Detected additional lockfiles: 
2026-04-13 19:08:39 +05:30:    * /Users/saurabhpatel/Documents/Arthwise/arthwise_landingpage/package-lock.json
2026-04-13 19:08:39 +05:30: 
2026-04-13 19:08:39 +05:30: [Error: Could not find a production build in the '.next' directory. Try building your app with 'next build' before starting the production server. https://nextjs.org/docs/messages/production-start-no-build-id]
2026-04-13 19:08:39 +05:30:  ⚠ Warning: Next.js inferred your workspace root, but it may not be correct.
2026-04-13 19:08:39 +05:30:  We detected multiple lockfiles and selected the directory of /Users/saurabhpatel/package-lock.json as the root directory.
2026-04-13 19:08:39 +05:30:  To silence this warning, set `outputFileTracingRoot` in your Next.js config, or consider removing one of the lockfiles if it's not needed.
2026-04-13 19:08:39 +05:30:    See https://nextjs.org/docs/app/api-reference/config/next-config-js/output#caveats for more information.
2026-04-13 19:08:39 +05:30:  Detected additional lockfiles: 
2026-04-13 19:08:39 +05:30:    * /Users/saurabhpatel/Documents/Arthwise/arthwise_landingpage/package-lock.json
2026-04-13 19:08:39 +05:30: 
2026-04-13 19:08:39 +05:30: [Error: Could not find a production build in the '.next' directory. Try building your app with 'next build' before starting the production server. https://nextjs.org/docs/messages/production-start-no-build-id]
2026-04-13 19:08:40 +05:30:  ⚠ Warning: Next.js inferred your workspace root, but it may not be correct.
2026-04-13 19:08:40 +05:30:  We detected multiple lockfiles and selected the directory of /Users/saurabhpatel/package-lock.json as the root directory.
2026-04-13 19:08:40 +05:30:  To silence this warning, set `outputFileTracingRoot` in your Next.js config, or consider removing one of the lockfiles if it's not needed.
2026-04-13 19:08:40 +05:30:    See https://nextjs.org/docs/app/api-reference/config/next-config-js/output#caveats for more information.
2026-04-13 19:08:40 +05:30:  Detected additional lockfiles: 
2026-04-13 19:08:40 +05:30:    * /Users/saurabhpatel/Documents/Arthwise/arthwise_landingpage/package-lock.json
2026-04-13 19:08:40 +05:30: 
2026-04-13 19:08:40 +05:30: [Error: Could not find a production build in the '.next' directory. Try building your app with 'next build' before starting the production server. https://nextjs.org/docs/messages/production-start-no-build-id]
2026-04-13 19:08:40 +05:30:  ⚠ Warning: Next.js inferred your workspace root, but it may not be correct.
2026-04-13 19:08:40 +05:30:  We detected multiple lockfiles and selected the directory of /Users/saurabhpatel/package-lock.json as the root directory.
2026-04-13 19:08:40 +05:30:  To silence this warning, set `outputFileTracingRoot` in your Next.js config, or consider removing one of the lockfiles if it's not needed.
2026-04-13 19:08:40 +05:30:    See https://nextjs.org/docs/app/api-reference/config/next-config-js/output#caveats for more information.
2026-04-13 19:08:40 +05:30:  Detected additional lockfiles: 
2026-04-13 19:08:40 +05:30:    * /Users/saurabhpatel/Documents/Arthwise/arthwise_landingpage/package-lock.json
2026-04-13 19:08:40 +05:30: 
2026-04-13 19:08:40 +05:30: [Error: Could not find a production build in the '.next' directory. Try building your app with 'next build' before starting the production server. https://nextjs.org/docs/messages/production-start-no-build-id]
2026-04-13 19:08:40 +05:30:  ⚠ Warning: Next.js inferred your workspace root, but it may not be correct.
2026-04-13 19:08:40 +05:30:  We detected multiple lockfiles and selected the directory of /Users/saurabhpatel/package-lock.json as the root directory.
2026-04-13 19:08:40 +05:30:  To silence this warning, set `outputFileTracingRoot` in your Next.js config, or consider removing one of the lockfiles if it's not needed.
2026-04-13 19:08:40 +05:30:    See https://nextjs.org/docs/app/api-reference/config/next-config-js/output#caveats for more information.
2026-04-13 19:08:40 +05:30:  Detected additional lockfiles: 
2026-04-13 19:08:40 +05:30:    * /Users/saurabhpatel/Documents/Arthwise/arthwise_landingpage/package-lock.json
2026-04-13 19:08:40 +05:30: 
2026-04-13 19:08:40 +05:30: [Error: Could not find a production build in the '.next' directory. Try building your app with 'next build' before starting the production server. https://nextjs.org/docs/messages/production-start-no-build-id]
2026-04-14 16:55:06 +05:30:  ⚠ Warning: Next.js inferred your workspace root, but it may not be correct.
2026-04-14 16:55:06 +05:30:  We detected multiple lockfiles and selected the directory of /Users/saurabhpatel/Documents/Arthwise/package-lock.json as the root directory.
2026-04-14 16:55:06 +05:30:  To silence this warning, set `outputFileTracingRoot` in your Next.js config, or consider removing one of the lockfiles if it's not needed.
2026-04-14 16:55:06 +05:30:    See https://nextjs.org/docs/app/api-reference/config/next-config-js/output#caveats for more information.
2026-04-14 16:55:06 +05:30:  Detected additional lockfiles: 
2026-04-14 16:55:06 +05:30:    * /Users/saurabhpatel/Documents/Arthwise/arthwise_landingpage/package-lock.json
2026-04-14 16:55:06 +05:30: 
2026-04-17 21:04:50 +05:30:  ⚠ Warning: Next.js inferred your workspace root, but it may not be correct.
2026-04-17 21:04:50 +05:30:  We detected multiple lockfiles and selected the directory of /Users/saurabhpatel/Documents/Arthwise/package-lock.json as the root directory.
2026-04-17 21:04:50 +05:30:  To silence this warning, set `outputFileTracingRoot` in your Next.js config, or consider removing one of the lockfiles if it's not needed.
2026-04-17 21:04:50 +05:30:    See https://nextjs.org/docs/app/api-reference/config/next-config-js/output#caveats for more information.
2026-04-17 21:04:50 +05:30:  Detected additional lockfiles: 
2026-04-17 21:04:50 +05:30:    * /Users/saurabhpatel/Documents/Arthwise/arthwise_landingpage/package-lock.json
2026-04-17 21:04:50 +05:30: 
2026-04-18 00:30:27 +05:30:  ⚠ Warning: Next.js inferred your workspace root, but it may not be correct.
2026-04-18 00:30:27 +05:30:  We detected multiple lockfiles and selected the directory of /Users/saurabhpatel/Documents/Arthwise/package-lock.json as the root directory.
2026-04-18 00:30:27 +05:30:  To silence this warning, set `outputFileTracingRoot` in your Next.js config, or consider removing one of the lockfiles if it's not needed.
2026-04-18 00:30:27 +05:30:    See https://nextjs.org/docs/app/api-reference/config/next-config-js/output#caveats for more information.
2026-04-18 00:30:27 +05:30:  Detected additional lockfiles: 
2026-04-18 00:30:27 +05:30:    * /Users/saurabhpatel/Documents/Arthwise/arthwise_landingpage/package-lock.json
2026-04-18 00:30:27 +05:30: 
2026-04-18 00:32:19 +05:30:  ⚠ Warning: Next.js inferred your workspace root, but it may not be correct.
2026-04-18 00:32:19 +05:30:  We detected multiple lockfiles and selected the directory of /Users/saurabhpatel/Documents/Arthwise/package-lock.json as the root directory.
2026-04-18 00:32:19 +05:30:  To silence this warning, set `outputFileTracingRoot` in your Next.js config, or consider removing one of the lockfiles if it's not needed.
2026-04-18 00:32:19 +05:30:    See https://nextjs.org/docs/app/api-reference/config/next-config-js/output#caveats for more information.
2026-04-18 00:32:19 +05:30:  Detected additional lockfiles: 
2026-04-18 00:32:19 +05:30:    * /Users/saurabhpatel/Documents/Arthwise/arthwise_landingpage/package-lock.json
2026-04-18 00:32:19 +05:30: 
2026-04-18 12:28:33 +05:30:  ⚠ Warning: Next.js inferred your workspace root, but it may not be correct.
2026-04-18 12:28:33 +05:30:  We detected multiple lockfiles and selected the directory of /Users/saurabhpatel/Documents/Arthwise/package-lock.json as the root directory.
2026-04-18 12:28:33 +05:30:  To silence this warning, set `outputFileTracingRoot` in your Next.js config, or consider removing one of the lockfiles if it's not needed.
2026-04-18 12:28:33 +05:30:    See https://nextjs.org/docs/app/api-reference/config/next-config-js/output#caveats for more information.
2026-04-18 12:28:33 +05:30:  Detected additional lockfiles: 
2026-04-18 12:28:33 +05:30:    * /Users/saurabhpatel/Documents/Arthwise/arthwise_landingpage/package-lock.json
2026-04-18 12:28:33 +05:30: 
2026-04-18 12:47:53 +05:30:  ⚠ Warning: Next.js inferred your workspace root, but it may not be correct.
2026-04-18 12:47:53 +05:30:  We detected multiple lockfiles and selected the directory of /Users/saurabhpatel/Documents/Arthwise/package-lock.json as the root directory.
2026-04-18 12:47:53 +05:30:  To silence this warning, set `outputFileTracingRoot` in your Next.js config, or consider removing one of the lockfiles if it's not needed.
2026-04-18 12:47:53 +05:30:    See https://nextjs.org/docs/app/api-reference/config/next-config-js/output#caveats for more information.
2026-04-18 12:47:53 +05:30:  Detected additional lockfiles: 
2026-04-18 12:47:53 +05:30:    * /Users/saurabhpatel/Documents/Arthwise/arthwise_landingpage/package-lock.json
2026-04-18 12:47:53 +05:30: 
2026-04-18 12:48:44 +05:30: Failed to fetch post 69de29f98b0db1040174e124: 404
2026-04-18 12:48:44 +05:30: Failed to fetch post 69de29f98b0db1040174e124: 404
2026-04-18 12:52:17 +05:30: Failed to fetch post 69de29f98b0db1040174e124: 404
2026-04-18 12:52:17 +05:30: Failed to fetch post 69de29f98b0db1040174e124: 404
2026-04-18 12:53:39 +05:30: Failed to fetch contest 69e1d834b171dcaf9b46998a: 404
2026-04-18 12:53:39 +05:30: Failed to fetch contest 69e1d834b171dcaf9b46998a: 404
2026-04-18 12:53:50 +05:30: Failed to fetch contest 69e1d834b171dcaf9b46998a: 404
2026-04-18 12:53:50 +05:30: Failed to fetch contest 69e1d834b171dcaf9b46998a: 404
2026-04-18 12:55:06 +05:30: Failed to fetch contest 69e1d834b171dcaf9b46998a: 404
2026-04-18 12:55:06 +05:30: Failed to fetch contest 69e1d834b171dcaf9b46998a: 404
2026-04-18 12:55:54 +05:30: Failed to fetch post 69de29f98b0db1040174e124: 404
2026-04-18 12:55:54 +05:30: Failed to fetch post 69de29f98b0db1040174e124: 404
2026-04-18 12:56:11 +05:30: Failed to fetch contest 69e1d834b171dcaf9b46998a: 404
2026-04-18 12:56:11 +05:30: Failed to fetch contest 69e1d834b171dcaf9b46998a: 404
2026-04-18 12:56:20 +05:30: Failed to fetch contest 69e1d834b171dcaf9b46998a: 404
2026-04-18 12:56:20 +05:30: Failed to fetch contest 69e1d834b171dcaf9b46998a: 404
2026-04-18 12:57:11 +05:30:  ⚠ Warning: Next.js inferred your workspace root, but it may not be correct.
2026-04-18 12:57:11 +05:30:  We detected multiple lockfiles and selected the directory of /Users/saurabhpatel/Documents/Arthwise/package-lock.json as the root directory.
2026-04-18 12:57:11 +05:30:  To silence this warning, set `outputFileTracingRoot` in your Next.js config, or consider removing one of the lockfiles if it's not needed.
2026-04-18 12:57:11 +05:30:    See https://nextjs.org/docs/app/api-reference/config/next-config-js/output#caveats for more information.
2026-04-18 12:57:11 +05:30:  Detected additional lockfiles: 
2026-04-18 12:57:11 +05:30:    * /Users/saurabhpatel/Documents/Arthwise/arthwise_landingpage/package-lock.json
2026-04-18 12:57:11 +05:30: 
2026-04-18 12:58:34 +05:30: Failed to fetch contest 69e1d834b171dcaf9b46998a: 404
2026-04-18 12:58:34 +05:30: Failed to fetch contest 69e1d834b171dcaf9b46998a: 404
2026-04-18 12:58:47 +05:30: Failed to fetch contest 69e1d834b171dcaf9b46998a: 404
2026-04-18 12:58:47 +05:30: Failed to fetch contest 69e1d834b171dcaf9b46998a: 404
2026-04-18 13:21:38 +05:30:  ⚠ Warning: Next.js inferred your workspace root, but it may not be correct.
2026-04-18 13:21:38 +05:30:  We detected multiple lockfiles and selected the directory of /Users/saurabhpatel/Documents/Arthwise/package-lock.json as the root directory.
2026-04-18 13:21:38 +05:30:  To silence this warning, set `outputFileTracingRoot` in your Next.js config, or consider removing one of the lockfiles if it's not needed.
2026-04-18 13:21:38 +05:30:    See https://nextjs.org/docs/app/api-reference/config/next-config-js/output#caveats for more information.
2026-04-18 13:21:38 +05:30:  Detected additional lockfiles: 
2026-04-18 13:21:38 +05:30:    * /Users/saurabhpatel/Documents/Arthwise/arthwise_landingpage/package-lock.json
2026-04-18 13:21:38 +05:30: 
2026-04-18 13:25:34 +05:30:  ⚠ Warning: Next.js inferred your workspace root, but it may not be correct.
2026-04-18 13:25:34 +05:30:  We detected multiple lockfiles and selected the directory of /Users/saurabhpatel/Documents/Arthwise/package-lock.json as the root directory.
2026-04-18 13:25:34 +05:30:  To silence this warning, set `outputFileTracingRoot` in your Next.js config, or consider removing one of the lockfiles if it's not needed.
2026-04-18 13:25:34 +05:30:    See https://nextjs.org/docs/app/api-reference/config/next-config-js/output#caveats for more information.
2026-04-18 13:25:34 +05:30:  Detected additional lockfiles: 
2026-04-18 13:25:34 +05:30:    * /Users/saurabhpatel/Documents/Arthwise/arthwise_landingpage/package-lock.json
2026-04-18 13:25:34 +05:30: 
2026-04-18 13:32:04 +05:30:  ⚠ Warning: Next.js inferred your workspace root, but it may not be correct.
2026-04-18 13:32:04 +05:30:  We detected multiple lockfiles and selected the directory of /Users/saurabhpatel/Documents/Arthwise/package-lock.json as the root directory.
2026-04-18 13:32:04 +05:30:  To silence this warning, set `outputFileTracingRoot` in your Next.js config, or consider removing one of the lockfiles if it's not needed.
2026-04-18 13:32:04 +05:30:    See https://nextjs.org/docs/app/api-reference/config/next-config-js/output#caveats for more information.
2026-04-18 13:32:04 +05:30:  Detected additional lockfiles: 
2026-04-18 13:32:04 +05:30:    * /Users/saurabhpatel/Documents/Arthwise/arthwise_landingpage/package-lock.json
2026-04-18 13:32:04 +05:30: 
2026-04-18 13:34:10 +05:30: Failed to fetch contest 69e1d834b171dcaf9b46998a: 404
2026-04-18 13:34:10 +05:30: Failed to fetch contest 69e1d834b171dcaf9b46998a: 404
2026-04-18 13:37:07 +05:30: Failed to fetch course 695aaaa4f7f1481f4d1d4d64: 404
2026-04-18 13:37:07 +05:30: Failed to fetch course 695aaaa4f7f1481f4d1d4d64: 404
2026-04-18 13:40:21 +05:30:  ⚠ Warning: Next.js inferred your workspace root, but it may not be correct.
2026-04-18 13:40:21 +05:30:  We detected multiple lockfiles and selected the directory of /Users/saurabhpatel/Documents/Arthwise/package-lock.json as the root directory.
2026-04-18 13:40:21 +05:30:  To silence this warning, set `outputFileTracingRoot` in your Next.js config, or consider removing one of the lockfiles if it's not needed.
2026-04-18 13:40:21 +05:30:    See https://nextjs.org/docs/app/api-reference/config/next-config-js/output#caveats for more information.
2026-04-18 13:40:21 +05:30:  Detected additional lockfiles: 
2026-04-18 13:40:21 +05:30:    * /Users/saurabhpatel/Documents/Arthwise/arthwise_landingpage/package-lock.json
2026-04-18 13:40:21 +05:30: 
2026-04-18 13:40:24 +05:30: Failed to fetch profile 692930277488fc4e6f06f904: 404
2026-04-18 13:40:24 +05:30: Failed to fetch profile 692930277488fc4e6f06f904: 404
2026-04-18 13:40:28 +05:30: Failed to fetch profile 692930277488fc4e6f06f904: 404
2026-04-18 13:40:28 +05:30: Failed to fetch profile 692930277488fc4e6f06f904: 404
2026-04-18 13:40:32 +05:30: Failed to fetch profile 692930277488fc4e6f06f904: 404
2026-04-18 13:40:32 +05:30: Failed to fetch profile 692930277488fc4e6f06f904: 404
2026-04-18 13:40:49 +05:30: Failed to fetch profile 692930277488fc4e6f06f904: 404
2026-04-18 13:40:49 +05:30: Failed to fetch profile 692930277488fc4e6f06f904: 404
2026-04-18 13:40:49 +05:30: Failed to fetch profile 692930277488fc4e6f06f904: 404
2026-04-18 13:40:49 +05:30: Failed to fetch profile 692930277488fc4e6f06f904: 404
2026-04-18 13:44:18 +05:30:  ⚠ Warning: Next.js inferred your workspace root, but it may not be correct.
2026-04-18 13:44:18 +05:30:  We detected multiple lockfiles and selected the directory of /Users/saurabhpatel/Documents/Arthwise/package-lock.json as the root directory.
2026-04-18 13:44:18 +05:30:  To silence this warning, set `outputFileTracingRoot` in your Next.js config, or consider removing one of the lockfiles if it's not needed.
2026-04-18 13:44:18 +05:30:    See https://nextjs.org/docs/app/api-reference/config/next-config-js/output#caveats for more information.
2026-04-18 13:44:18 +05:30:  Detected additional lockfiles: 
2026-04-18 13:44:18 +05:30:    * /Users/saurabhpatel/Documents/Arthwise/arthwise_landingpage/package-lock.json
2026-04-18 13:44:18 +05:30: 
2026-04-18 13:47:03 +05:30: Failed to fetch profile 692930277488fc4e6f06f904: 404
2026-04-18 13:47:03 +05:30: Failed to fetch profile 692930277488fc4e6f06f904: 404
2026-04-18 19:22:29 +05:30:  ⚠ Warning: Next.js inferred your workspace root, but it may not be correct.
2026-04-18 19:22:29 +05:30:  We detected multiple lockfiles and selected the directory of /Users/saurabhpatel/Documents/Arthwise/package-lock.json as the root directory.
2026-04-18 19:22:29 +05:30:  To silence this warning, set `outputFileTracingRoot` in your Next.js config, or consider removing one of the lockfiles if it's not needed.
2026-04-18 19:22:29 +05:30:    See https://nextjs.org/docs/app/api-reference/config/next-config-js/output#caveats for more information.
2026-04-18 19:22:29 +05:30:  Detected additional lockfiles: 
2026-04-18 19:22:29 +05:30:    * /Users/saurabhpatel/Documents/Arthwise/arthwise_landingpage/package-lock.json
2026-04-18 19:22:29 +05:30: 
2026-04-18 22:13:25 +05:30:  ⚠ Warning: Next.js inferred your workspace root, but it may not be correct.
2026-04-18 22:13:25 +05:30:  We detected multiple lockfiles and selected the directory of /Users/saurabhpatel/Documents/Arthwise/package-lock.json as the root directory.
2026-04-18 22:13:25 +05:30:  To silence this warning, set `outputFileTracingRoot` in your Next.js config, or consider removing one of the lockfiles if it's not needed.
2026-04-18 22:13:25 +05:30:    See https://nextjs.org/docs/app/api-reference/config/next-config-js/output#caveats for more information.
2026-04-18 22:13:25 +05:30:  Detected additional lockfiles: 
2026-04-18 22:13:25 +05:30:    * /Users/saurabhpatel/Documents/Arthwise/arthwise_landingpage/package-lock.json
2026-04-18 22:13:25 +05:30: 
2026-04-19 15:57:10 +05:30: [next-auth][error][SIGNIN_OAUTH_ERROR] 
2026-04-19 15:57:10 +05:30: https://next-auth.js.org/errors#signin_oauth_error client_id is required {
2026-04-19 15:57:10 +05:30:   error: {
2026-04-19 15:57:10 +05:30:     message: 'client_id is required',
2026-04-19 15:57:10 +05:30:     stack: 'TypeError: client_id is required\n' +
2026-04-19 15:57:10 +05:30:       '    at new Z (/Users/saurabhpatel/Documents/Arthwise/arthwise_landingpage/.next/server/app/api/auth/[...nextauth]/route.js:1:125705)\n' +
2026-04-19 15:57:10 +05:30:       '    at new <anonymous> (/Users/saurabhpatel/Documents/Arthwise/arthwise_landingpage/.next/server/app/api/auth/[...nextauth]/route.js:10:22221)\n' +
2026-04-19 15:57:10 +05:30:       '    at e (/Users/saurabhpatel/Documents/Arthwise/arthwise_landingpage/.next/server/app/api/auth/[...nextauth]/route.js:20:69947)\n' +
2026-04-19 15:57:10 +05:30:       '    at h (/Users/saurabhpatel/Documents/Arthwise/arthwise_landingpage/.next/server/app/api/auth/[...nextauth]/route.js:1:81846)\n' +
2026-04-19 15:57:10 +05:30:       '    at Object.h (/Users/saurabhpatel/Documents/Arthwise/arthwise_landingpage/.next/server/app/api/auth/[...nextauth]/route.js:1:40578)\n' +
2026-04-19 15:57:10 +05:30:       '    at q (/Users/saurabhpatel/Documents/Arthwise/arthwise_landingpage/.next/server/app/api/auth/[...nextauth]/route.js:10:43255)\n' +
2026-04-19 15:57:10 +05:30:       '    at process.processTicksAndRejections (node:internal/process/task_queues:105:5)\n' +
2026-04-19 15:57:10 +05:30:       '    at async g (/Users/saurabhpatel/Documents/Arthwise/arthwise_landingpage/.next/server/app/api/auth/[...nextauth]/route.js:1:1973)\n' +
2026-04-19 15:57:10 +05:30:       '    at async a.length.b (/Users/saurabhpatel/Documents/Arthwise/arthwise_landingpage/.next/server/app/api/auth/[...nextauth]/route.js:1:3414)\n' +
2026-04-19 15:57:10 +05:30:       '    at async rN.do (/Users/saurabhpatel/Documents/Arthwise/arthwise_landingpage/node_modules/next/dist/compiled/next-server/app-route.runtime.prod.js:5:21042)',
2026-04-19 15:57:10 +05:30:     name: 'TypeError'
2026-04-19 15:57:10 +05:30:   },
2026-04-19 15:57:10 +05:30:   providerId: 'github',
2026-04-19 15:57:10 +05:30:   message: 'client_id is required'
2026-04-19 15:57:10 +05:30: }
2026-04-19 15:57:10 +05:30: [next-auth][error][SIGNIN_OAUTH_ERROR] 
2026-04-19 15:57:10 +05:30: https://next-auth.js.org/errors#signin_oauth_error client_id is required {
2026-04-19 15:57:10 +05:30:   error: {
2026-04-19 15:57:10 +05:30:     message: 'client_id is required',
2026-04-19 15:57:10 +05:30:     stack: 'TypeError: client_id is required\n' +
2026-04-19 15:57:10 +05:30:       '    at new Z (/Users/saurabhpatel/Documents/Arthwise/arthwise_landingpage/.next/server/app/api/auth/[...nextauth]/route.js:1:125705)\n' +
2026-04-19 15:57:10 +05:30:       '    at new <anonymous> (/Users/saurabhpatel/Documents/Arthwise/arthwise_landingpage/.next/server/app/api/auth/[...nextauth]/route.js:10:22221)\n' +
2026-04-19 15:57:10 +05:30:       '    at e (/Users/saurabhpatel/Documents/Arthwise/arthwise_landingpage/.next/server/app/api/auth/[...nextauth]/route.js:20:69947)\n' +
2026-04-19 15:57:10 +05:30:       '    at h (/Users/saurabhpatel/Documents/Arthwise/arthwise_landingpage/.next/server/app/api/auth/[...nextauth]/route.js:1:81846)\n' +
2026-04-19 15:57:10 +05:30:       '    at Object.h (/Users/saurabhpatel/Documents/Arthwise/arthwise_landingpage/.next/server/app/api/auth/[...nextauth]/route.js:1:40578)\n' +
2026-04-19 15:57:10 +05:30:       '    at q (/Users/saurabhpatel/Documents/Arthwise/arthwise_landingpage/.next/server/app/api/auth/[...nextauth]/route.js:10:43255)\n' +
2026-04-19 15:57:10 +05:30:       '    at process.processTicksAndRejections (node:internal/process/task_queues:105:5)\n' +
2026-04-19 15:57:10 +05:30:       '    at async g (/Users/saurabhpatel/Documents/Arthwise/arthwise_landingpage/.next/server/app/api/auth/[...nextauth]/route.js:1:1973)\n' +
2026-04-19 15:57:10 +05:30:       '    at async a.length.b (/Users/saurabhpatel/Documents/Arthwise/arthwise_landingpage/.next/server/app/api/auth/[...nextauth]/route.js:1:3414)\n' +
2026-04-19 15:57:10 +05:30:       '    at async rN.do (/Users/saurabhpatel/Documents/Arthwise/arthwise_landingpage/node_modules/next/dist/compiled/next-server/app-route.runtime.prod.js:5:21042)',
2026-04-19 15:57:10 +05:30:     name: 'TypeError'
2026-04-19 15:57:10 +05:30:   },
2026-04-19 15:57:10 +05:30:   providerId: 'github',
2026-04-19 15:57:10 +05:30:   message: 'client_id is required'
2026-04-19 15:57:10 +05:30: }
2026-04-19 15:57:18 +05:30: [next-auth][error][SIGNIN_OAUTH_ERROR] 
2026-04-19 15:57:18 +05:30: https://next-auth.js.org/errors#signin_oauth_error client_id is required {
2026-04-19 15:57:18 +05:30:   error: {
2026-04-19 15:57:18 +05:30:     message: 'client_id is required',
2026-04-19 15:57:18 +05:30:     stack: 'TypeError: client_id is required\n' +
2026-04-19 15:57:18 +05:30:       '    at new Z (/Users/saurabhpatel/Documents/Arthwise/arthwise_landingpage/.next/server/app/api/auth/[...nextauth]/route.js:1:125705)\n' +
2026-04-19 15:57:18 +05:30:       '    at new <anonymous> (/Users/saurabhpatel/Documents/Arthwise/arthwise_landingpage/.next/server/app/api/auth/[...nextauth]/route.js:10:22221)\n' +
2026-04-19 15:57:18 +05:30:       '    at e (/Users/saurabhpatel/Documents/Arthwise/arthwise_landingpage/.next/server/app/api/auth/[...nextauth]/route.js:20:69947)\n' +
2026-04-19 15:57:18 +05:30:       '    at process.processTicksAndRejections (node:internal/process/task_queues:105:5)\n' +
2026-04-19 15:57:18 +05:30:       '    at async h (/Users/saurabhpatel/Documents/Arthwise/arthwise_landingpage/.next/server/app/api/auth/[...nextauth]/route.js:1:81822)\n' +
2026-04-19 15:57:18 +05:30:       '    at async Object.h (/Users/saurabhpatel/Documents/Arthwise/arthwise_landingpage/.next/server/app/api/auth/[...nextauth]/route.js:1:40559)\n' +
2026-04-19 15:57:18 +05:30:       '    at async q (/Users/saurabhpatel/Documents/Arthwise/arthwise_landingpage/.next/server/app/api/auth/[...nextauth]/route.js:10:43247)\n' +
2026-04-19 15:57:18 +05:30:       '    at async g (/Users/saurabhpatel/Documents/Arthwise/arthwise_landingpage/.next/server/app/api/auth/[...nextauth]/route.js:1:1973)\n' +
2026-04-19 15:57:18 +05:30:       '    at async a.length.b (/Users/saurabhpatel/Documents/Arthwise/arthwise_landingpage/.next/server/app/api/auth/[...nextauth]/route.js:1:3414)\n' +
2026-04-19 15:57:18 +05:30:       '    at async rN.do (/Users/saurabhpatel/Documents/Arthwise/arthwise_landingpage/node_modules/next/dist/compiled/next-server/app-route.runtime.prod.js:5:21042)',
2026-04-19 15:57:18 +05:30:     name: 'TypeError'
2026-04-19 15:57:18 +05:30:   },
2026-04-19 15:57:18 +05:30:   providerId: 'google',
2026-04-19 15:57:18 +05:30:   message: 'client_id is required'
2026-04-19 15:57:18 +05:30: }
2026-04-19 21:11:02 +05:30: [Error: Failed to find Server Action "5a2555e60074a6f6052e5c0ea6cd383635052a0e". This request might be from an older or newer deployment.
2026-04-19 21:11:02 +05:30: Read more: https://nextjs.org/docs/messages/failed-to-find-server-action]
2026-04-19 22:34:54 +05:30: Failed to fetch contest 69e1d834b171dcaf9b46998a: 404
2026-04-19 22:34:54 +05:30: Failed to fetch contest 69e1d834b171dcaf9b46998a: 404
2026-04-19 22:34:54 +05:30: Failed to fetch contest 69e1d834b171dcaf9b46998a: 404
2026-04-19 22:34:54 +05:30: Failed to fetch contest 69e1d834b171dcaf9b46998a: 404
2026-04-19 22:34:55 +05:30: Failed to fetch contest 69e1d834b171dcaf9b46998a: 404
2026-04-19 22:34:55 +05:30: Failed to fetch contest 69e1d834b171dcaf9b46998a: 404
2026-04-19 22:34:55 +05:30: Failed to fetch contest 69e1d834b171dcaf9b46998a: 404
2026-04-19 22:34:55 +05:30: Failed to fetch contest 69e1d834b171dcaf9b46998a: 404
2026-04-19 22:34:55 +05:30: Failed to fetch contest 69e1d834b171dcaf9b46998a: 404
2026-04-19 22:34:55 +05:30: Failed to fetch contest 69e1d834b171dcaf9b46998a: 404
2026-04-19 22:34:56 +05:30: Failed to fetch contest 69e1d834b171dcaf9b46998a: 404
2026-04-19 22:34:56 +05:30: Failed to fetch contest 69e1d834b171dcaf9b46998a: 404
2026-04-19 22:34:56 +05:30: Failed to fetch contest 69e1d834b171dcaf9b46998a: 404
2026-04-19 22:34:56 +05:30: Failed to fetch contest 69e1d834b171dcaf9b46998a: 404
2026-04-19 22:34:57 +05:30: Failed to fetch contest 69e1d834b171dcaf9b46998a: 404
2026-04-19 22:34:57 +05:30: Failed to fetch contest 69e1d834b171dcaf9b46998a: 404
2026-04-19 22:35:12 +05:30: Failed to fetch contest 69e1d834b171dcaf9b46998a: 404
2026-04-19 22:35:12 +05:30: Failed to fetch contest 69e1d834b171dcaf9b46998a: 404
2026-04-19 23:05:50 +05:30: [Error: Failed to find Server Action "61225e2a03d4382f51be75f1fa72b9d89fb1db07". This request might be from an older or newer deployment.
2026-04-19 23:05:50 +05:30: Read more: https://nextjs.org/docs/messages/failed-to-find-server-action]
2026-04-28 10:38:03 +05:30:  ⨯ Failed to start server
2026-04-28 10:38:03 +05:30: Error: listen EADDRINUSE: address already in use :::3000
2026-04-28 10:38:03 +05:30:     at <unknown> (Error: listen EADDRINUSE: address already in use :::3000)
2026-04-28 10:38:03 +05:30:     at new Promise (<anonymous>) {
2026-04-28 10:38:03 +05:30:   code: 'EADDRINUSE',
2026-04-28 10:38:03 +05:30:   errno: -48,
2026-04-28 10:38:03 +05:30:   syscall: 'listen',
2026-04-28 10:38:03 +05:30:   address: '::',
2026-04-28 10:38:03 +05:30:   port: 3000
2026-04-28 10:38:03 +05:30: }
2026-04-28 10:38:03 +05:30:  ⨯ Failed to start server
2026-04-28 10:38:03 +05:30: Error: listen EADDRINUSE: address already in use :::3000
2026-04-28 10:38:03 +05:30:     at <unknown> (Error: listen EADDRINUSE: address already in use :::3000)
2026-04-28 10:38:03 +05:30:     at new Promise (<anonymous>) {
2026-04-28 10:38:03 +05:30:   code: 'EADDRINUSE',
2026-04-28 10:38:03 +05:30:   errno: -48,
2026-04-28 10:38:03 +05:30:   syscall: 'listen',
2026-04-28 10:38:03 +05:30:   address: '::',
2026-04-28 10:38:03 +05:30:   port: 3000
2026-04-28 10:38:03 +05:30: }
2026-04-28 10:38:03 +05:30:  ⨯ Failed to start server
2026-04-28 10:38:03 +05:30: Error: listen EADDRINUSE: address already in use :::3000
2026-04-28 10:38:03 +05:30:     at <unknown> (Error: listen EADDRINUSE: address already in use :::3000)
2026-04-28 10:38:03 +05:30:     at new Promise (<anonymous>) {
2026-04-28 10:38:03 +05:30:   code: 'EADDRINUSE',
2026-04-28 10:38:03 +05:30:   errno: -48,
2026-04-28 10:38:03 +05:30:   syscall: 'listen',
2026-04-28 10:38:03 +05:30:   address: '::',
2026-04-28 10:38:03 +05:30:   port: 3000
2026-04-28 10:38:03 +05:30: }
2026-04-28 10:38:04 +05:30:  ⨯ Failed to start server
2026-04-28 10:38:04 +05:30: Error: listen EADDRINUSE: address already in use :::3000
2026-04-28 10:38:04 +05:30:     at <unknown> (Error: listen EADDRINUSE: address already in use :::3000)
2026-04-28 10:38:04 +05:30:     at new Promise (<anonymous>) {
2026-04-28 10:38:04 +05:30:   code: 'EADDRINUSE',
2026-04-28 10:38:04 +05:30:   errno: -48,
2026-04-28 10:38:04 +05:30:   syscall: 'listen',
2026-04-28 10:38:04 +05:30:   address: '::',
2026-04-28 10:38:04 +05:30:   port: 3000
2026-04-28 10:38:04 +05:30: }
2026-04-28 10:38:04 +05:30:  ⨯ Failed to start server
2026-04-28 10:38:04 +05:30: Error: listen EADDRINUSE: address already in use :::3000
2026-04-28 10:38:04 +05:30:     at <unknown> (Error: listen EADDRINUSE: address already in use :::3000)
2026-04-28 10:38:04 +05:30:     at new Promise (<anonymous>) {
2026-04-28 10:38:04 +05:30:   code: 'EADDRINUSE',
2026-04-28 10:38:04 +05:30:   errno: -48,
2026-04-28 10:38:04 +05:30:   syscall: 'listen',
2026-04-28 10:38:04 +05:30:   address: '::',
2026-04-28 10:38:04 +05:30:   port: 3000
2026-04-28 10:38:04 +05:30: }
2026-04-28 10:38:04 +05:30:  ⨯ Failed to start server
2026-04-28 10:38:04 +05:30: Error: listen EADDRINUSE: address already in use :::3000
2026-04-28 10:38:04 +05:30:     at <unknown> (Error: listen EADDRINUSE: address already in use :::3000)
2026-04-28 10:38:04 +05:30:     at new Promise (<anonymous>) {
2026-04-28 10:38:04 +05:30:   code: 'EADDRINUSE',
2026-04-28 10:38:04 +05:30:   errno: -48,
2026-04-28 10:38:04 +05:30:   syscall: 'listen',
2026-04-28 10:38:04 +05:30:   address: '::',
2026-04-28 10:38:04 +05:30:   port: 3000
2026-04-28 10:38:04 +05:30: }
2026-04-28 10:38:04 +05:30:  ⨯ Failed to start server
2026-04-28 10:38:04 +05:30: Error: listen EADDRINUSE: address already in use :::3000
2026-04-28 10:38:04 +05:30:     at <unknown> (Error: listen EADDRINUSE: address already in use :::3000)
2026-04-28 10:38:04 +05:30:     at new Promise (<anonymous>) {
2026-04-28 10:38:04 +05:30:   code: 'EADDRINUSE',
2026-04-28 10:38:04 +05:30:   errno: -48,
2026-04-28 10:38:04 +05:30:   syscall: 'listen',
2026-04-28 10:38:04 +05:30:   address: '::',
2026-04-28 10:38:04 +05:30:   port: 3000
2026-04-28 10:38:04 +05:30: }
2026-04-28 10:38:05 +05:30:  ⨯ Failed to start server
2026-04-28 10:38:05 +05:30: Error: listen EADDRINUSE: address already in use :::3000
2026-04-28 10:38:05 +05:30:     at <unknown> (Error: listen EADDRINUSE: address already in use :::3000)
2026-04-28 10:38:05 +05:30:     at new Promise (<anonymous>) {
2026-04-28 10:38:05 +05:30:   code: 'EADDRINUSE',
2026-04-28 10:38:05 +05:30:   errno: -48,
2026-04-28 10:38:05 +05:30:   syscall: 'listen',
2026-04-28 10:38:05 +05:30:   address: '::',
2026-04-28 10:38:05 +05:30:   port: 3000
2026-04-28 10:38:05 +05:30: }
2026-04-28 10:38:05 +05:30:  ⨯ Failed to start server
2026-04-28 10:38:05 +05:30: Error: listen EADDRINUSE: address already in use :::3000
2026-04-28 10:38:05 +05:30:     at <unknown> (Error: listen EADDRINUSE: address already in use :::3000)
2026-04-28 10:38:05 +05:30:     at new Promise (<anonymous>) {
2026-04-28 10:38:05 +05:30:   code: 'EADDRINUSE',
2026-04-28 10:38:05 +05:30:   errno: -48,
2026-04-28 10:38:05 +05:30:   syscall: 'listen',
2026-04-28 10:38:05 +05:30:   address: '::',
2026-04-28 10:38:05 +05:30:   port: 3000
2026-04-28 10:38:05 +05:30: }
2026-04-28 10:38:05 +05:30:  ⨯ Failed to start server
2026-04-28 10:38:05 +05:30: Error: listen EADDRINUSE: address already in use :::3000
2026-04-28 10:38:05 +05:30:     at <unknown> (Error: listen EADDRINUSE: address already in use :::3000)
2026-04-28 10:38:05 +05:30:     at new Promise (<anonymous>) {
2026-04-28 10:38:05 +05:30:   code: 'EADDRINUSE',
2026-04-28 10:38:05 +05:30:   errno: -48,
2026-04-28 10:38:05 +05:30:   syscall: 'listen',
2026-04-28 10:38:05 +05:30:   address: '::',
2026-04-28 10:38:05 +05:30:   port: 3000
2026-04-28 10:38:05 +05:30: }
2026-04-28 10:38:05 +05:30:  ⨯ Failed to start server
2026-04-28 10:38:05 +05:30: Error: listen EADDRINUSE: address already in use :::3000
2026-04-28 10:38:05 +05:30:     at <unknown> (Error: listen EADDRINUSE: address already in use :::3000)
2026-04-28 10:38:05 +05:30:     at new Promise (<anonymous>) {
2026-04-28 10:38:05 +05:30:   code: 'EADDRINUSE',
2026-04-28 10:38:05 +05:30:   errno: -48,
2026-04-28 10:38:05 +05:30:   syscall: 'listen',
2026-04-28 10:38:05 +05:30:   address: '::',
2026-04-28 10:38:05 +05:30:   port: 3000
2026-04-28 10:38:05 +05:30: }
2026-04-28 10:38:06 +05:30:  ⨯ Failed to start server
2026-04-28 10:38:06 +05:30: Error: listen EADDRINUSE: address already in use :::3000
2026-04-28 10:38:06 +05:30:     at <unknown> (Error: listen EADDRINUSE: address already in use :::3000)
2026-04-28 10:38:06 +05:30:     at new Promise (<anonymous>) {
2026-04-28 10:38:06 +05:30:   code: 'EADDRINUSE',
2026-04-28 10:38:06 +05:30:   errno: -48,
2026-04-28 10:38:06 +05:30:   syscall: 'listen',
2026-04-28 10:38:06 +05:30:   address: '::',
2026-04-28 10:38:06 +05:30:   port: 3000
2026-04-28 10:38:06 +05:30: }
2026-04-28 10:38:06 +05:30:  ⨯ Failed to start server
2026-04-28 10:38:06 +05:30: Error: listen EADDRINUSE: address already in use :::3000
2026-04-28 10:38:06 +05:30:     at <unknown> (Error: listen EADDRINUSE: address already in use :::3000)
2026-04-28 10:38:06 +05:30:     at new Promise (<anonymous>) {
2026-04-28 10:38:06 +05:30:   code: 'EADDRINUSE',
2026-04-28 10:38:06 +05:30:   errno: -48,
2026-04-28 10:38:06 +05:30:   syscall: 'listen',
2026-04-28 10:38:06 +05:30:   address: '::',
2026-04-28 10:38:06 +05:30:   port: 3000
2026-04-28 10:38:06 +05:30: }
2026-04-28 10:38:06 +05:30:  ⨯ Failed to start server
2026-04-28 10:38:06 +05:30: Error: listen EADDRINUSE: address already in use :::3000
2026-04-28 10:38:06 +05:30:     at <unknown> (Error: listen EADDRINUSE: address already in use :::3000)
2026-04-28 10:38:06 +05:30:     at new Promise (<anonymous>) {
2026-04-28 10:38:06 +05:30:   code: 'EADDRINUSE',
2026-04-28 10:38:06 +05:30:   errno: -48,
2026-04-28 10:38:06 +05:30:   syscall: 'listen',
2026-04-28 10:38:06 +05:30:   address: '::',
2026-04-28 10:38:06 +05:30:   port: 3000
2026-04-28 10:38:06 +05:30: }
2026-04-28 10:38:06 +05:30:  ⨯ Failed to start server
2026-04-28 10:38:06 +05:30: Error: listen EADDRINUSE: address already in use :::3000
2026-04-28 10:38:06 +05:30:     at <unknown> (Error: listen EADDRINUSE: address already in use :::3000)
2026-04-28 10:38:06 +05:30:     at new Promise (<anonymous>) {
2026-04-28 10:38:06 +05:30:   code: 'EADDRINUSE',
2026-04-28 10:38:06 +05:30:   errno: -48,
2026-04-28 10:38:06 +05:30:   syscall: 'listen',
2026-04-28 10:38:06 +05:30:   address: '::',
2026-04-28 10:38:06 +05:30:   port: 3000
2026-04-28 10:38:06 +05:30: }
2026-04-28 10:38:07 +05:30:  ⨯ Failed to start server
2026-04-28 10:38:07 +05:30: Error: listen EADDRINUSE: address already in use :::3000
2026-04-28 10:38:07 +05:30:     at <unknown> (Error: listen EADDRINUSE: address already in use :::3000)
2026-04-28 10:38:07 +05:30:     at new Promise (<anonymous>) {
2026-04-28 10:38:07 +05:30:   code: 'EADDRINUSE',
2026-04-28 10:38:07 +05:30:   errno: -48,
2026-04-28 10:38:07 +05:30:   syscall: 'listen',
2026-04-28 10:38:07 +05:30:   address: '::',
2026-04-28 10:38:07 +05:30:   port: 3000
2026-04-28 10:38:07 +05:30: }
